<?xml version="1.0" encoding="UTF-8"?>
<testng-results ignored="0" total="1" passed="1" failed="0" skipped="0">
  <reporter-output>
  </reporter-output>
  <suite started-at="2022-10-29T16:04:24Z" name="Default suite" finished-at="2022-10-29T16:06:00Z" duration-ms="96281">
    <groups>
    </groups>
    <test started-at="2022-10-29T16:04:24Z" name="Default test" finished-at="2022-10-29T16:06:00Z" duration-ms="96281">
      <class name="testSel.TestSel">
        <test-method signature="f()[pri:0, instance:testSel.TestSel@59cba5a]" started-at="2022-10-29T11:04:24Z" name="f" finished-at="2022-10-29T11:06:00Z" duration-ms="96256" status="PASS">
          <reporter-output>
          </reporter-output>
        </test-method> <!-- f -->
      </class> <!-- testSel.TestSel -->
    </test> <!-- Default test -->
  </suite> <!-- Default suite -->
</testng-results>
